25 sep 2013 16:25:10,330  INFO [       org.opencms.main.CmsLog: 117] . Log4j config file    : /var/lib/tomcat6/webapps/opencms/WEB-INF/classes/log4j.properties
25 sep 2013 16:25:17,322  INFO [.opencms.i18n.CmsLocaleManager: 355] . i18n configuration   : changing the JVM default locale from "es_ES" to "en"
25 sep 2013 16:25:17,322  INFO [.opencms.i18n.CmsLocaleManager: 372] . i18n configuration   : the JVM default locale is "en"
25 sep 2013 16:25:17,346  INFO [  org.opencms.main.OpenCmsCore:2560] . Runlevel change      : Switching from 1 to 2
25 sep 2013 16:25:17,357 ERROR [  org.opencms.main.OpenCmsCore: 341] Critical error during OpenCms initialization: The OpenCms setup wizard is still enabled.
org.opencms.main.CmsException: Critical error during OpenCms initialization: The OpenCms setup wizard is still enabled.
	at org.opencms.main.OpenCmsCore.setErrorCondition(OpenCmsCore.java:341)
	at org.opencms.main.CmsInitException.setErrorCondition(CmsInitException.java:113)
	at org.opencms.main.CmsInitException.<init>(CmsInitException.java:70)
	at org.opencms.main.CmsInitException.<init>(CmsInitException.java:56)
	at org.opencms.main.OpenCmsCore.initContext(OpenCmsCore.java:1339)
	at org.opencms.main.OpenCmsCore.upgradeRunlevel(OpenCmsCore.java:1945)
	at org.opencms.main.OpenCmsListener.contextInitialized(OpenCmsListener.java:84)
	at org.apache.catalina.core.StandardContext.listenerStart(StandardContext.java:4206)
	at org.apache.catalina.core.StandardContext.start(StandardContext.java:4705)
	at org.apache.catalina.core.ContainerBase.addChildInternal(ContainerBase.java:799)
	at org.apache.catalina.core.ContainerBase.addChild(ContainerBase.java:779)
	at org.apache.catalina.core.StandardHost.addChild(StandardHost.java:601)
	at org.apache.catalina.startup.HostConfig.deployWAR(HostConfig.java:943)
	at org.apache.catalina.startup.HostConfig.deployWARs(HostConfig.java:778)
	at org.apache.catalina.startup.HostConfig.deployApps(HostConfig.java:504)
	at org.apache.catalina.startup.HostConfig.check(HostConfig.java:1385)
	at org.apache.catalina.startup.HostConfig.lifecycleEvent(HostConfig.java:306)
	at org.apache.catalina.util.LifecycleSupport.fireLifecycleEvent(LifecycleSupport.java:142)
	at org.apache.catalina.core.ContainerBase.backgroundProcess(ContainerBase.java:1389)
	at org.apache.catalina.core.ContainerBase$ContainerBackgroundProcessor.processChildren(ContainerBase.java:1653)
	at org.apache.catalina.core.ContainerBase$ContainerBackgroundProcessor.processChildren(ContainerBase.java:1662)
	at org.apache.catalina.core.ContainerBase$ContainerBackgroundProcessor.run(ContainerBase.java:1642)
	at java.lang.Thread.run(Thread.java:679)
25 sep 2013 16:25:17,357 ERROR [g.opencms.main.OpenCmsListener:  88] Critical error during OpenCms initialization: The OpenCms setup wizard is still enabled.
org.opencms.main.CmsInitException: Critical error during OpenCms initialization: The OpenCms setup wizard is still enabled.
	at org.opencms.main.OpenCmsCore.initContext(OpenCmsCore.java:1339)
	at org.opencms.main.OpenCmsCore.upgradeRunlevel(OpenCmsCore.java:1945)
	at org.opencms.main.OpenCmsListener.contextInitialized(OpenCmsListener.java:84)
	at org.apache.catalina.core.StandardContext.listenerStart(StandardContext.java:4206)
	at org.apache.catalina.core.StandardContext.start(StandardContext.java:4705)
	at org.apache.catalina.core.ContainerBase.addChildInternal(ContainerBase.java:799)
	at org.apache.catalina.core.ContainerBase.addChild(ContainerBase.java:779)
	at org.apache.catalina.core.StandardHost.addChild(StandardHost.java:601)
	at org.apache.catalina.startup.HostConfig.deployWAR(HostConfig.java:943)
	at org.apache.catalina.startup.HostConfig.deployWARs(HostConfig.java:778)
	at org.apache.catalina.startup.HostConfig.deployApps(HostConfig.java:504)
	at org.apache.catalina.startup.HostConfig.check(HostConfig.java:1385)
	at org.apache.catalina.startup.HostConfig.lifecycleEvent(HostConfig.java:306)
	at org.apache.catalina.util.LifecycleSupport.fireLifecycleEvent(LifecycleSupport.java:142)
	at org.apache.catalina.core.ContainerBase.backgroundProcess(ContainerBase.java:1389)
	at org.apache.catalina.core.ContainerBase$ContainerBackgroundProcessor.processChildren(ContainerBase.java:1653)
	at org.apache.catalina.core.ContainerBase$ContainerBackgroundProcessor.processChildren(ContainerBase.java:1662)
	at org.apache.catalina.core.ContainerBase$ContainerBackgroundProcessor.run(ContainerBase.java:1642)
	at java.lang.Thread.run(Thread.java:679)
25 sep 2013 16:25:17,369  INFO [.opencms.i18n.CmsLocaleManager: 372] . i18n configuration   : the JVM default locale is "en"
25 sep 2013 16:25:17,369  INFO [  org.opencms.main.OpenCmsCore:2560] . Runlevel change      : Switching from 1 to 2
25 sep 2013 16:25:17,370 ERROR [  org.opencms.main.OpenCmsCore: 341] Critical error during OpenCms initialization: The OpenCms setup wizard is still enabled.
org.opencms.main.CmsException: Critical error during OpenCms initialization: The OpenCms setup wizard is still enabled.
	at org.opencms.main.OpenCmsCore.setErrorCondition(OpenCmsCore.java:341)
	at org.opencms.main.CmsInitException.setErrorCondition(CmsInitException.java:113)
	at org.opencms.main.CmsInitException.<init>(CmsInitException.java:70)
	at org.opencms.main.CmsInitException.<init>(CmsInitException.java:56)
	at org.opencms.main.OpenCmsCore.initContext(OpenCmsCore.java:1339)
	at org.opencms.main.OpenCmsCore.upgradeRunlevel(OpenCmsCore.java:1945)
	at org.opencms.main.OpenCmsServlet.init(OpenCmsServlet.java:242)
	at org.apache.catalina.core.StandardWrapper.loadServlet(StandardWrapper.java:1206)
	at org.apache.catalina.core.StandardWrapper.load(StandardWrapper.java:1026)
	at org.apache.catalina.core.StandardContext.loadOnStartup(StandardContext.java:4421)
	at org.apache.catalina.core.StandardContext.start(StandardContext.java:4734)
	at org.apache.catalina.core.ContainerBase.addChildInternal(ContainerBase.java:799)
	at org.apache.catalina.core.ContainerBase.addChild(ContainerBase.java:779)
	at org.apache.catalina.core.StandardHost.addChild(StandardHost.java:601)
	at org.apache.catalina.startup.HostConfig.deployWAR(HostConfig.java:943)
	at org.apache.catalina.startup.HostConfig.deployWARs(HostConfig.java:778)
	at org.apache.catalina.startup.HostConfig.deployApps(HostConfig.java:504)
	at org.apache.catalina.startup.HostConfig.check(HostConfig.java:1385)
	at org.apache.catalina.startup.HostConfig.lifecycleEvent(HostConfig.java:306)
	at org.apache.catalina.util.LifecycleSupport.fireLifecycleEvent(LifecycleSupport.java:142)
	at org.apache.catalina.core.ContainerBase.backgroundProcess(ContainerBase.java:1389)
	at org.apache.catalina.core.ContainerBase$ContainerBackgroundProcessor.processChildren(ContainerBase.java:1653)
	at org.apache.catalina.core.ContainerBase$ContainerBackgroundProcessor.processChildren(ContainerBase.java:1662)
	at org.apache.catalina.core.ContainerBase$ContainerBackgroundProcessor.run(ContainerBase.java:1642)
	at java.lang.Thread.run(Thread.java:679)
25 sep 2013 16:25:47,442  INFO [.opencms.i18n.CmsLocaleManager: 372] . i18n configuration   : the JVM default locale is "en"
